# JRE version: OpenJDK Runtime Environment (8.0_202-b03) (build 1.8.0_202-release-1483-b03)
# Java VM: OpenJDK 64-Bit Server VM (25.202-b03 mixed mode windows-amd64 compressed oops)
Heap:
 PSYoungGen      total 419840K, used 257786K [0x00000000e0000000, 0x00000000fff00000, 0x0000000100000000)
  eden space 333312K, 75% used [0x00000000e0000000,0x00000000ef61aa90,0x00000000f4580000)
  from space 86528K, 6% used [0x00000000f4580000,0x00000000f4b240b0,0x00000000f9a00000)
  to   space 84992K, 0% used [0x00000000fac00000,0x00000000fac00000,0x00000000fff00000)
 ParOldGen       total 759296K, used 405891K [0x00000000a0000000, 0x00000000ce580000, 0x00000000e0000000)
  object space 759296K, 53% used [0x00000000a0000000,0x00000000b8c60ce0,0x00000000ce580000)
 Metaspace       used 209013K, capacity 223090K, committed 240472K, reserved 1259520K
  class space    used 25443K, capacity 27879K, committed 30592K, reserved 1048576K
GC Heap History (10 events):
Event: 18850.919 GC heap before
{Heap before GC invocations=352 (full 19):
 PSYoungGen      total 399360K, used 339448K [0x00000000e0000000, 0x00000000ff280000, 0x0000000100000000)
  eden space 299520K, 100% used [0x00000000e0000000,0x00000000f2480000,0x00000000f2480000)
  from space 99840K, 39% used [0x00000000f9100000,0x00000000fb7fe260,0x00000000ff280000)
  to   space 105472K, 0% used [0x00000000f2480000,0x00000000f2480000,0x00000000f8b80000)
 ParOldGen       total 759296K, used 351336K [0x00000000a0000000, 0x00000000ce580000, 0x00000000e0000000)
  object space 759296K, 46% used [0x00000000a0000000,0x00000000b571a020,0x00000000ce580000)
 Metaspace       used 208434K, capacity 222216K, committed 240472K, reserved 1259520K
  class space    used 25384K, capacity 27770K, committed 30592K, reserved 1048576K
Event: 18850.937 GC heap after
Heap after GC invocations=352 (full 19):
 PSYoungGen      total 404992K, used 27130K [0x00000000e0000000, 0x00000000ffa80000, 0x0000000100000000)
  eden space 299520K, 0% used [0x00000000e0000000,0x00000000e0000000,0x00000000f2480000)
  from space 105472K, 25% used [0x00000000f2480000,0x00000000f3efe980,0x00000000f8b80000)
  to   space 99840K, 0% used [0x00000000f9900000,0x00000000f9900000,0x00000000ffa80000)
 ParOldGen       total 759296K, used 368353K [0x00000000a0000000, 0x00000000ce580000, 0x00000000e0000000)
  object space 759296K, 48% used [0x00000000a0000000,0x00000000b67b8720,0x00000000ce580000)
 Metaspace       used 208434K, capacity 222216K, committed 240472K, reserved 1259520K
  class space    used 25384K, capacity 27770K, committed 30592K, reserved 1048576K
}
Event: 18851.366 GC heap before
{Heap before GC invocations=353 (full 19):
 PSYoungGen      total 404992K, used 326650K [0x00000000e0000000, 0x00000000ffa80000, 0x0000000100000000)
  eden space 299520K, 100% used [0x00000000e0000000,0x00000000f2480000,0x00000000f2480000)
  from space 105472K, 25% used [0x00000000f2480000,0x00000000f3efe980,0x00000000f8b80000)
  to   space 99840K, 0% used [0x00000000f9900000,0x00000000f9900000,0x00000000ffa80000)
 ParOldGen       total 759296K, used 368353K [0x00000000a0000000, 0x00000000ce580000, 0x00000000e0000000)
  object space 759296K, 48% used [0x00000000a0000000,0x00000000b67b8720,0x00000000ce580000)
 Metaspace       used 208444K, capacity 222240K, committed 240472K, reserved 1259520K
  class space    used 25386K, capacity 27774K, committed 30592K, reserved 1048576K
Event: 18851.374 GC heap after
Heap after GC invocations=353 (full 19):
 PSYoungGen      total 415744K, used 4928K [0x00000000e0000000, 0x00000000ff780000, 0x0000000100000000)
  eden space 318976K, 0% used [0x00000000e0000000,0x00000000e0000000,0x00000000f3780000)
  from space 96768K, 5% used [0x00000000f9900000,0x00000000f9dd0000,0x00000000ff780000)
  to   space 98304K, 0% used [0x00000000f3780000,0x00000000f3780000,0x00000000f9780000)
 ParOldGen       total 759296K, used 376091K [0x00000000a0000000, 0x00000000ce580000, 0x00000000e0000000)
  object space 759296K, 49% used [0x00000000a0000000,0x00000000b6f46d78,0x00000000ce580000)
 Metaspace       used 208444K, capacity 222240K, committed 240472K, reserved 1259520K
  class space    used 25386K, capacity 27774K, committed 30592K, reserved 1048576K
}
Event: 19679.762 GC heap before
{Heap before GC invocations=354 (full 19):
 PSYoungGen      total 415744K, used 323904K [0x00000000e0000000, 0x00000000ff780000, 0x0000000100000000)
  eden space 318976K, 100% used [0x00000000e0000000,0x00000000f3780000,0x00000000f3780000)
  from space 96768K, 5% used [0x00000000f9900000,0x00000000f9dd0000,0x00000000ff780000)
  to   space 98304K, 0% used [0x00000000f3780000,0x00000000f3780000,0x00000000f9780000)
 ParOldGen       total 759296K, used 376091K [0x00000000a0000000, 0x00000000ce580000, 0x00000000e0000000)
  object space 759296K, 49% used [0x00000000a0000000,0x00000000b6f46d78,0x00000000ce580000)
 Metaspace       used 208538K, capacity 222444K, committed 240472K, reserved 1259520K
  class space    used 25405K, capacity 27808K, committed 30592K, reserved 1048576K
Event: 19679.774 GC heap after
Heap after GC invocations=354 (full 19):
 PSYoungGen      total 417280K, used 22826K [0x00000000e0000000, 0x00000000ff680000, 0x0000000100000000)
  eden space 318976K, 0% used [0x00000000e0000000,0x00000000e0000000,0x00000000f3780000)
  from space 98304K, 23% used [0x00000000f3780000,0x00000000f4dca930,0x00000000f9780000)
  to   space 92672K, 0% used [0x00000000f9c00000,0x00000000f9c00000,0x00000000ff680000)
 ParOldGen       total 759296K, used 377766K [0x00000000a0000000, 0x00000000ce580000, 0x00000000e0000000)
  object space 759296K, 49% used [0x00000000a0000000,0x00000000b70e98d0,0x00000000ce580000)
 Metaspace       used 208538K, capacity 222444K, committed 240472K, reserved 1259520K
  class space    used 25405K, capacity 27808K, committed 30592K, reserved 1048576K
}
Event: 19680.367 GC heap before
{Heap before GC invocations=355 (full 19):
 PSYoungGen      total 417280K, used 341802K [0x00000000e0000000, 0x00000000ff680000, 0x0000000100000000)
  eden space 318976K, 100% used [0x00000000e0000000,0x00000000f3780000,0x00000000f3780000)
  from space 98304K, 23% used [0x00000000f3780000,0x00000000f4dca930,0x00000000f9780000)
  to   space 92672K, 0% used [0x00000000f9c00000,0x00000000f9c00000,0x00000000ff680000)
 ParOldGen       total 759296K, used 377766K [0x00000000a0000000, 0x00000000ce580000, 0x00000000e0000000)
  object space 759296K, 49% used [0x00000000a0000000,0x00000000b70e98d0,0x00000000ce580000)
 Metaspace       used 208819K, capacity 222844K, committed 240472K, reserved 1259520K
  class space    used 25435K, capacity 27864K, committed 30592K, reserved 1048576K
Event: 19680.387 GC heap after
Heap after GC invocations=355 (full 19):
 PSYoungGen      total 417792K, used 29498K [0x00000000e0000000, 0x00000000fee80000, 0x0000000100000000)
  eden space 333312K, 0% used [0x00000000e0000000,0x00000000e0000000,0x00000000f4580000)
  from space 84480K, 34% used [0x00000000f9c00000,0x00000000fb8ce9a0,0x00000000fee80000)
  to   space 86528K, 0% used [0x00000000f4580000,0x00000000f4580000,0x00000000f9a00000)
 ParOldGen       total 759296K, used 397364K [0x00000000a0000000, 0x00000000ce580000, 0x00000000e0000000)
  object space 759296K, 52% used [0x00000000a0000000,0x00000000b840d118,0x00000000ce580000)
 Metaspace       used 208819K, capacity 222844K, committed 240472K, reserved 1259520K
  class space    used 25435K, capacity 27864K, committed 30592K, reserved 1048576K
}
Event: 19680.863 GC heap before
{Heap before GC invocations=356 (full 19):
 PSYoungGen      total 417792K, used 362810K [0x00000000e0000000, 0x00000000fee80000, 0x0000000100000000)
  eden space 333312K, 100% used [0x00000000e0000000,0x00000000f4580000,0x00000000f4580000)
  from space 84480K, 34% used [0x00000000f9c00000,0x00000000fb8ce9a0,0x00000000fee80000)
  to   space 86528K, 0% used [0x00000000f4580000,0x00000000f4580000,0x00000000f9a00000)
 ParOldGen       total 759296K, used 397364K [0x00000000a0000000, 0x00000000ce580000, 0x00000000e0000000)
  object space 759296K, 52% used [0x00000000a0000000,0x00000000b840d118,0x00000000ce580000)
 Metaspace       used 208819K, capacity 222844K, committed 240472K, reserved 1259520K
  class space    used 25435K, capacity 27864K, committed 30592K, reserved 1048576K
Event: 19680.873 GC heap after
Heap after GC invocations=356 (full 19):
 PSYoungGen      total 419840K, used 5776K [0x00000000e0000000, 0x00000000fff00000, 0x0000000100000000)
  eden space 333312K, 0% used [0x00000000e0000000,0x00000000e0000000,0x00000000f4580000)
  from space 86528K, 6% used [0x00000000f4580000,0x00000000f4b240b0,0x00000000f9a00000)
  to   space 84992K, 0% used [0x00000000fac00000,0x00000000fac00000,0x00000000fff00000)
 ParOldGen       total 759296K, used 405891K [0x00000000a0000000, 0x00000000ce580000, 0x00000000e0000000)
  object space 759296K, 53% used [0x00000000a0000000,0x00000000b8c60ce0,0x00000000ce580000)
 Metaspace       used 208819K, capacity 222844K, committed 240472K, reserved 1259520K
  class space    used 25435K, capacity 27864K, committed 30592K, reserved 1048576K
}

